c:\users\bumps\documents\projects\simpleengine\simpleengine\debug\vc142.pdb
c:\users\bumps\documents\projects\simpleengine\simpleengine\debug\vc142.idb
c:\users\bumps\documents\projects\simpleengine\simpleengine\debug\windowmanager.obj
c:\users\bumps\documents\projects\simpleengine\simpleengine\debug\vector2.obj
c:\users\bumps\documents\projects\simpleengine\simpleengine\debug\sokoban.obj
c:\users\bumps\documents\projects\simpleengine\simpleengine\debug\scenemanager.obj
c:\users\bumps\documents\projects\simpleengine\simpleengine\debug\playercontroller.obj
c:\users\bumps\documents\projects\simpleengine\simpleengine\debug\iscene.obj
c:\users\bumps\documents\projects\simpleengine\simpleengine\debug\inputmanager.obj
c:\users\bumps\documents\projects\simpleengine\simpleengine\debug\gameobject.obj
c:\users\bumps\documents\projects\simpleengine\simpleengine\debug\game.obj
c:\users\bumps\documents\projects\simpleengine\simpleengine\debug\file.obj
c:\users\bumps\documents\projects\simpleengine\simpleengine\debug\playercollider.obj
c:\users\bumps\documents\projects\simpleengine\simpleengine\debug\collider.obj
c:\users\bumps\documents\projects\simpleengine\debug\simpleengine.exe
c:\users\bumps\documents\projects\simpleengine\debug\simpleengine.ilk
c:\users\bumps\documents\projects\simpleengine\debug\simpleengine.pdb
c:\users\bumps\documents\projects\simpleengine\simpleengine\debug\simpleengine.tlog\cl.command.1.tlog
c:\users\bumps\documents\projects\simpleengine\simpleengine\debug\simpleengine.tlog\cl.read.1.tlog
c:\users\bumps\documents\projects\simpleengine\simpleengine\debug\simpleengine.tlog\cl.write.1.tlog
c:\users\bumps\documents\projects\simpleengine\simpleengine\debug\simpleengine.tlog\link.command.1.tlog
c:\users\bumps\documents\projects\simpleengine\simpleengine\debug\simpleengine.tlog\link.read.1.tlog
c:\users\bumps\documents\projects\simpleengine\simpleengine\debug\simpleengine.tlog\link.write.1.tlog
